SF:/Users/abdujalil/devline/ELD_logistics/mobile/packages/sync_core/lib/src/backoff.dart
DA:9,7
DA:29,3
DA:32,1
DA:33,1
DA:34,1
DA:36,7
DA:43,1
DA:44,1
DA:45,1
DA:46,2
DA:47,1
DA:49,5
DA:50,3
DA:51,1
DA:58,1
DA:65,2
DA:67,2
DA:73,1
DA:80,2
DA:83,1
DA:88,2
DA:90,1
DA:94,5
DA:95,2
DA:101,2
LF:25
LH:25
end_of_record
SF:/Users/abdujalil/devline/ELD_logistics/mobile/packages/sync_core/lib/src/batch.dart
DA:11,7
DA:21,14
DA:25,2
DA:37,1
DA:38,2
DA:39,2
DA:40,2
DA:41,2
DA:42,1
DA:45,1
DA:46,1
DA:47,1
DA:48,1
DA:49,1
DA:50,1
DA:51,1
DA:52,1
DA:59,1
DA:61,7
DA:66,3
DA:68,3
DA:70,3
DA:73,6
DA:76,1
DA:77,6
DA:80,1
DA:81,1
DA:82,2
DA:83,5
DA:89,1
DA:90,9
DA:92,1
DA:93,4
DA:106,1
DA:112,3
DA:113,1
DA:114,1
DA:116,1
DA:120,1
DA:121,1
DA:124,2
DA:125,2
DA:126,3
DA:129,4
DA:132,1
DA:133,3
DA:134,2
DA:137,1
DA:139,3
DA:141,2
DA:148,1
DA:149,2
DA:150,1
DA:152,2
DA:153,1
DA:154,4
DA:155,4
DA:159,1
DA:160,3
DA:161,4
LF:60
LH:60
end_of_record
SF:/Users/abdujalil/devline/ELD_logistics/mobile/packages/sync_core/lib/src/outbox_item.dart
DA:27,1
DA:28,2
DA:29,2
DA:33,1
DA:37,1
DA:38,1
DA:39,1
DA:40,1
DA:41,1
DA:55,1
DA:56,2
DA:57,2
DA:61,1
DA:65,3
DA:74,2
DA:114,6
DA:117,2
DA:118,8
DA:120,1
DA:125,1
DA:126,1
DA:127,1
DA:128,1
DA:129,1
DA:130,1
DA:131,1
DA:132,0
DA:133,0
DA:134,0
DA:135,0
DA:136,1
DA:137,1
DA:140,1
DA:141,7
LF:34
LH:30
end_of_record
SF:/Users/abdujalil/devline/ELD_logistics/mobile/packages/sync_core/lib/src/conflict.dart
DA:16,1
DA:17,2
DA:18,2
DA:22,1
DA:47,1
DA:51,2
DA:52,2
DA:90,7
DA:185,1
DA:186,1
DA:200,7
DA:215,3
DA:218,1
DA:219,4
DA:221,1
DA:223,1
DA:224,3
DA:225,3
DA:226,3
DA:228,1
DA:229,4
DA:231,1
DA:232,6
DA:241,1
DA:247,1
DA:248,1
DA:250,1
DA:251,1
DA:252,1
DA:253,1
DA:259,1
LF:31
LH:31
end_of_record
SF:/Users/abdujalil/devline/ELD_logistics/mobile/packages/sync_core/lib/src/idempotency.dart
DA:8,1
DA:9,2
DA:10,2
DA:12,1
DA:13,2
DA:14,4
DA:15,3
DA:18,4
DA:19,4
DA:21,1
DA:22,2
DA:23,4
DA:24,1
DA:26,4
DA:28,1
LF:15
LH:15
end_of_record
SF:/Users/abdujalil/devline/ELD_logistics/mobile/packages/sync_core/lib/src/retention.dart
DA:9,7
DA:47,1
DA:73,1
DA:77,1
DA:78,1
DA:79,2
DA:80,2
DA:81,2
DA:82,2
DA:83,2
DA:84,2
DA:85,1
DA:86,2
DA:87,2
DA:88,2
DA:95,7
DA:107,3
DA:109,3
DA:115,1
DA:127,3
DA:135,1
DA:140,1
DA:141,1
DA:142,1
DA:144,1
DA:148,4
DA:149,1
DA:151,1
LF:28
LH:28
end_of_record
SF:/Users/abdujalil/devline/ELD_logistics/mobile/packages/sync_core/lib/src/validation.dart
DA:29,1
DA:33,2
DA:34,2
DA:57,1
DA:61,2
DA:62,2
DA:81,1
DA:82,1
DA:83,1
DA:84,1
DA:87,1
DA:91,2
DA:92,2
DA:103,7
DA:108,1
DA:110,7
DA:112,1
DA:113,3
DA:115,1
DA:116,3
DA:122,1
DA:168,1
DA:172,1
DA:174,2
DA:175,1
DA:177,2
DA:178,1
DA:180,5
DA:181,1
DA:183,1
DA:184,3
DA:185,1
DA:187,1
DA:188,3
DA:189,1
DA:191,1
DA:192,1
DA:193,1
DA:195,1
DA:196,1
DA:197,1
DA:199,1
DA:200,1
DA:201,1
DA:203,1
DA:204,1
DA:205,1
DA:207,1
DA:208,2
DA:209,1
DA:218,1
DA:223,1
DA:224,2
DA:225,1
DA:228,6
DA:233,6
LF:56
LH:56
end_of_record
